04/17/2015 07:35:09 INICIANDO...
04/17/2015 07:35:09 1.3.7.0
04/17/2015 07:35:09 Usuário: 00135
04/17/2015 07:35:09 Versão do Sistema Operacional: 6.1.7601
04/17/2015 07:35:09 64 Bits: true
04/17/2015 07:35:09 Verificando se Firefox está instalado...
04/17/2015 07:35:09 Firefox instalado, ajustando configurações necessárias...
04/17/2015 07:35:09 [Funcionamento do Módulo de Proteção] Verificando...
04/17/2015 07:35:09 [Funcionamento do Módulo de Proteção] Ok.
04/17/2015 07:35:10 [Atualização Windows Installer] Verificando...
04/17/2015 07:35:10 [Atualização Windows Installer] Ok.
04/17/2015 07:35:10 [Terminal Services] Verificando...
04/17/2015 07:35:10 [Terminal Services] Ok.
04/17/2015 07:35:10 [Limpeza dos arq. temporários do GBAS] Verificando...
04/17/2015 07:35:10 [Limpeza dos arq. temporários do GBAS] Ok.
04/17/2015 07:35:10 [Permissões dos arquivos do Stormfish] Verificando...
04/17/2015 07:35:12 [Permissões dos arquivos do Stormfish] Ok.
04/17/2015 07:35:12 [Instalação do StormFish] Verificando...
04/17/2015 07:35:12 [Instalação do StormFish] Efetuando download do instalador...
04/17/2015 07:35:20 [Instalação do StormFish] Ocorreu um problema durante o download.
04/17/2015 07:35:20 [Permissões dos arquivos do Módulo de Proteção] Verificando...
04/17/2015 07:35:22 [Permissões dos arquivos do Módulo de Proteção] Ok.
04/17/2015 07:35:22 [Limpeza do cache IE] Verificando...
04/17/2015 07:37:00 [Limpeza do cache IE] Limpando...
04/17/2015 07:37:00 [Limpeza do cache IE] Ok.
04/17/2015 07:37:00 [Instalação do Módulo de Proteção] Verificando...
04/17/2015 07:37:02 [Instalação do Módulo de Proteção] Efetuando download do instalador...
04/17/2015 07:37:10 [Instalação do Módulo de Proteção] Ocorreu um problema durante o download.
04/17/2015 07:37:10 [Ativação ActiveX IE] Verificando...
04/17/2015 07:37:10 [Ativação ActiveX IE] Ok.
04/17/2015 07:37:10 [Sites confiáveis IE] Verificando url(s) dos domínios confiáveis...
04/17/2015 07:37:15 [Sites confiáveis IE] Ok.
04/17/2015 07:37:15 [Ativação Módulo de Proteção IE] Verificando...
04/17/2015 07:37:15 [Ativação Módulo de Proteção IE] Ok.
04/17/2015 07:37:15 [Limpeza do cache MZ] Verificando...
04/17/2015 07:37:15 [Limpeza do cache MZ] Ok.
04/17/2015 07:37:15 [Sites confiáveis MZ] Verificando url(s) dos domínios confiáveis...
04/17/2015 07:37:15 [Sites confiáveis MZ] Ok.
04/17/2015 07:37:15 [Segurança MZ] Verificando...
04/17/2015 07:37:16 [Segurança MZ] Ok.
04/17/2015 07:37:16 Foram detectados problemas durante a execução do processo.
04/17/2015 07:37:16 CONCLUÍDO.
04/17/2015 07:41:50 INICIANDO...
04/17/2015 07:41:50 1.3.7.0
04/17/2015 07:41:50 Usuário: 00135
04/17/2015 07:41:50 Versão do Sistema Operacional: 6.1.7601
04/17/2015 07:41:50 64 Bits: true
04/17/2015 07:41:50 Verificando se Firefox está instalado...
04/17/2015 07:41:50 Firefox instalado, ajustando configurações necessárias...
04/17/2015 07:41:51 [Funcionamento do Módulo de Proteção] Verificando...
04/17/2015 07:41:51 [Funcionamento do Módulo de Proteção] Ok.
04/17/2015 07:41:51 [Atualização Windows Installer] Verificando...
04/17/2015 07:41:51 [Atualização Windows Installer] Ok.
04/17/2015 07:41:51 [Terminal Services] Verificando...
04/17/2015 07:41:51 [Terminal Services] Ok.
04/17/2015 07:41:51 [Limpeza dos arq. temporários do GBAS] Verificando...
04/17/2015 07:41:51 [Limpeza dos arq. temporários do GBAS] Ok.
04/17/2015 07:41:51 [Permissões dos arquivos do Stormfish] Verificando...
04/17/2015 07:41:51 [Permissões dos arquivos do Stormfish] Ok.
04/17/2015 07:41:51 [Instalação do StormFish] Verificando...
04/17/2015 07:41:52 [Instalação do StormFish] Efetuando download do instalador...
04/17/2015 07:42:00 [Instalação do StormFish] Ocorreu um problema durante o download.
04/17/2015 07:42:00 [Permissões dos arquivos do Módulo de Proteção] Verificando...
04/17/2015 07:42:00 [Permissões dos arquivos do Módulo de Proteção] Ok.
04/17/2015 07:42:00 [Limpeza do cache IE] Verificando...
04/17/2015 07:42:01 [Limpeza do cache IE] Limpando...
04/17/2015 07:42:01 [Limpeza do cache IE] Ok.
04/17/2015 07:42:01 [Instalação do Módulo de Proteção] Verificando...
04/17/2015 07:42:01 [Instalação do Módulo de Proteção] Efetuando download do instalador...
04/17/2015 07:42:09 [Instalação do Módulo de Proteção] Ocorreu um problema durante o download.
04/17/2015 07:42:09 [Ativação ActiveX IE] Verificando...
04/17/2015 07:42:09 [Ativação ActiveX IE] Ok.
04/17/2015 07:42:09 [Sites confiáveis IE] Verificando url(s) dos domínios confiáveis...
04/17/2015 07:42:09 [Sites confiáveis IE] Ok.
04/17/2015 07:42:09 [Ativação Módulo de Proteção IE] Verificando...
04/17/2015 07:42:09 [Ativação Módulo de Proteção IE] Ok.
04/17/2015 07:42:09 [Limpeza do cache MZ] Verificando...
04/17/2015 07:42:09 [Limpeza do cache MZ] Ok.
04/17/2015 07:42:09 [Sites confiáveis MZ] Verificando url(s) dos domínios confiáveis...
04/17/2015 07:42:10 [Sites confiáveis MZ] Ok.
04/17/2015 07:42:10 [Segurança MZ] Verificando...
04/17/2015 07:42:10 [Segurança MZ] Ok.
04/17/2015 07:42:10 Foram detectados problemas durante a execução do processo.
04/17/2015 07:42:10 CONCLUÍDO.
